Arguments: 
  C:\Users\fabio\AppData\Local\Volta\tools\image\node\14.17.0\node.exe C:\Users\fabio\AppData\Local\Volta\tools\image\yarn\1.22.10\bin\yarn.js add appollo-server

PATH: 
  C:\Users\fabio\AppData\Local\Volta\tools\image\yarn\1.22.10\bin;C:\Users\fabio\AppData\Local\Volta\tools\image\node\14.17.0;C:\Program Files\Git\mingw64\bin;C:\Program Files\Git\usr\bin;C:\Users\fabio\bin;C:\Program Files\Volta;C:\Program Files (x86)\Common Files\Intel\Shared Libraries\redist\intel64\compiler;C:\Program Files\AdoptOpenJDK\jdk-11.0.8.10-hotspot\bin;C:\windows\system32;C:\windows;C:\windows\System32\Wbem;C:\windows\System32\WindowsPowerShell\v1.0;C:\windows\System32\OpenSSH;C:\Program Files (x86)\NVIDIA Corporation\PhysX\Common;C:\Program Files\NVIDIA Corporation\NVIDIA NvDLISR;C:\WINDOWS\system32;C:\WINDOWS;C:\WINDOWS\System32\Wbem;C:\WINDOWS\System32\WindowsPowerShell\v1.0;C:\WINDOWS\System32\OpenSSH;C:\Program Files\Microsoft SQL Server\Client SDK\ODBC\170\Tools\Binn;C:\Program Files (x86)\Microsoft SQL Server\150\Tools\Binn;C:\Program Files\Microsoft SQL Server\150\Tools\Binn;C:\Program Files\Microsoft SQL Server\150\DTS\Binn;C:\Program Files\dotnet;C:\Program Files\Microsoft SQL Server\130\Tools\Binn;D:\BaseX\bin;C:\Program Files\nodejs;C:\Program Files\Git\cmd;C:\Program Files (x86)\Yarn\bin;C:\Program Files (x86)\Microsoft SQL Server\150\DTS\Binn;C:\Program Files\Azure Data Studio\bin;C:\Program Files\Docker\Docker\resources\bin;C:\ProgramData\DockerDesktop\version-bin;C:\Users\fabio\AppData\Local\Volta\bin;C:\Users\fabio\AppData\Local\Microsoft\WindowsApps;D:\Exercism;C:\Exercism;C:\Users\fabio\AppData\Roaming\npm;C:\Users\fabio\.dotnet\tools;C:\Users\fabio\AppData\Local\GitHubDesktop\bin;C:\Program Files\heroku\bin;C:\Users\fabio\AppData\Local\Yarn\bin;C:\Program Files\Azure Data Studio\bin;C:\Users\fabio\AppData\Local\Programs\Microsoft VS Code\bin;C:\Users\fabio\AppData\Local\Microsoft\WindowsApps

Yarn version: 
  1.22.10

Node version: 
  14.17.0

Platform: 
  win32 x64

Trace: 
  Error: https://registry.yarnpkg.com/appollo-server: Not found
      at Request.params.callback [as _callback] (C:\Users\fabio\AppData\Local\Volta\tools\image\yarn\1.22.10\lib\cli.js:66988:18)
      at Request.self.callback (C:\Users\fabio\AppData\Local\Volta\tools\image\yarn\1.22.10\lib\cli.js:140662:22)
      at Request.emit (events.js:376:20)
      at Request.<anonymous> (C:\Users\fabio\AppData\Local\Volta\tools\image\yarn\1.22.10\lib\cli.js:141634:10)
      at Request.emit (events.js:376:20)
      at IncomingMessage.<anonymous> (C:\Users\fabio\AppData\Local\Volta\tools\image\yarn\1.22.10\lib\cli.js:141556:12)
      at Object.onceWrapper (events.js:482:28)
      at IncomingMessage.emit (events.js:388:22)
      at endReadableNT (internal/streams/readable.js:1336:12)
      at processTicksAndRejections (internal/process/task_queues.js:82:21)

npm manifest: 
  {
    "name": "ProjetGraphQl",
    "version": "1.0.0",
    "description": "",
    "main": "index.js",
    "scripts": {
      "test": "echo \"Error: no test specified\" && exit 1"
    },
    "keywords": [],
    "author": "",
    "license": "ISC"
  }

yarn manifest: 
  No manifest

Lockfile: 
  No lockfile
